2022-03-31 14:28:53,976 - basicLogger - INFO - Start Periodic Processing
2022-03-31 14:28:59,351 - basicLogger - INFO - Received 25 events with a status code of 200.
2022-03-31 14:28:59,353 - basicLogger - INFO - Received 25 events with a status code of 200.
2022-03-31 14:28:59,354 - basicLogger - INFO - Populate total count of user: 25. Stored into Database.
2022-03-31 14:28:59,355 - basicLogger - INFO - Populate total count of passwords: 25. Stored into Datebase.
2022-03-31 14:28:59,379 - basicLogger - INFO - Periodic Processing Ending...
2022-03-31 14:29:03,989 - basicLogger - INFO - Start Periodic Processing
2022-03-31 14:29:08,504 - basicLogger - INFO - Received 0 events with a status code of 200.
2022-03-31 14:29:08,504 - basicLogger - INFO - Received 0 events with a status code of 200.
2022-03-31 14:29:08,505 - basicLogger - INFO - Populate total count of user: 0. Stored into Database.
2022-03-31 14:29:08,505 - basicLogger - INFO - Populate total count of passwords: 0. Stored into Datebase.
2022-03-31 14:29:08,514 - basicLogger - INFO - Periodic Processing Ending...
2022-03-31 14:29:08,983 - basicLogger - INFO - Start Periodic Processing
2022-03-31 14:29:13,479 - basicLogger - INFO - Received 4 events with a status code of 200.
2022-03-31 14:29:13,479 - basicLogger - INFO - Received 1 events with a status code of 200.
2022-03-31 14:29:13,479 - basicLogger - INFO - Populate total count of user: 4. Stored into Database.
2022-03-31 14:29:13,479 - basicLogger - INFO - Populate total count of passwords: 1. Stored into Datebase.
2022-03-31 14:29:13,498 - basicLogger - INFO - Periodic Processing Ending...
2022-03-31 14:29:13,983 - basicLogger - INFO - Start Periodic Processing
2022-03-31 14:29:18,516 - basicLogger - INFO - Received 0 events with a status code of 200.
2022-03-31 14:29:18,516 - basicLogger - INFO - Received 5 events with a status code of 200.
2022-03-31 14:29:18,516 - basicLogger - INFO - Populate total count of user: 0. Stored into Database.
2022-03-31 14:29:18,517 - basicLogger - INFO - Populate total count of passwords: 5. Stored into Datebase.
2022-03-31 14:29:18,525 - basicLogger - INFO - Periodic Processing Ending...
2022-03-31 14:29:18,985 - basicLogger - INFO - Start Periodic Processing
2022-03-31 14:29:23,510 - basicLogger - INFO - Received 5 events with a status code of 200.
2022-03-31 14:29:23,510 - basicLogger - INFO - Received 0 events with a status code of 200.
2022-03-31 14:29:23,512 - basicLogger - INFO - Populate total count of user: 5. Stored into Database.
2022-03-31 14:29:23,512 - basicLogger - INFO - Populate total count of passwords: 0. Stored into Datebase.
2022-03-31 14:29:23,522 - basicLogger - INFO - Periodic Processing Ending...
2022-03-31 14:29:23,992 - basicLogger - INFO - Start Periodic Processing
2022-03-31 14:29:28,512 - basicLogger - INFO - Received 0 events with a status code of 200.
2022-03-31 14:29:28,512 - basicLogger - INFO - Received 5 events with a status code of 200.
2022-03-31 14:29:28,512 - basicLogger - INFO - Populate total count of user: 0. Stored into Database.
2022-03-31 14:29:28,512 - basicLogger - INFO - Populate total count of passwords: 5. Stored into Datebase.
2022-03-31 14:29:28,530 - basicLogger - INFO - Periodic Processing Ending...
2022-03-31 14:29:28,976 - basicLogger - INFO - Start Periodic Processing
2022-03-31 14:29:33,516 - basicLogger - INFO - Received 5 events with a status code of 200.
2022-03-31 14:29:33,516 - basicLogger - INFO - Received 0 events with a status code of 200.
2022-03-31 14:29:33,516 - basicLogger - INFO - Populate total count of user: 5. Stored into Database.
2022-03-31 14:29:33,516 - basicLogger - INFO - Populate total count of passwords: 0. Stored into Datebase.
2022-03-31 14:29:33,535 - basicLogger - INFO - Periodic Processing Ending...
2022-03-31 14:29:33,986 - basicLogger - INFO - Start Periodic Processing
2022-03-31 14:29:38,534 - basicLogger - INFO - Received 0 events with a status code of 200.
2022-03-31 14:29:38,534 - basicLogger - INFO - Received 5 events with a status code of 200.
2022-03-31 14:29:38,534 - basicLogger - INFO - Populate total count of user: 0. Stored into Database.
2022-03-31 14:29:38,534 - basicLogger - INFO - Populate total count of passwords: 5. Stored into Datebase.
2022-03-31 14:29:38,543 - basicLogger - INFO - Periodic Processing Ending...
2022-03-31 14:29:38,976 - basicLogger - INFO - Start Periodic Processing
2022-03-31 14:29:43,484 - basicLogger - INFO - Received 5 events with a status code of 200.
2022-03-31 14:29:43,484 - basicLogger - INFO - Received 0 events with a status code of 200.
2022-03-31 14:29:43,485 - basicLogger - INFO - Populate total count of user: 5. Stored into Database.
2022-03-31 14:29:43,485 - basicLogger - INFO - Populate total count of passwords: 0. Stored into Datebase.
2022-03-31 14:29:43,507 - basicLogger - INFO - Periodic Processing Ending...
2022-03-31 14:29:43,986 - basicLogger - INFO - Start Periodic Processing
2022-03-31 14:29:48,502 - basicLogger - INFO - Received 0 events with a status code of 200.
2022-03-31 14:29:48,502 - basicLogger - INFO - Received 5 events with a status code of 200.
2022-03-31 14:29:48,502 - basicLogger - INFO - Populate total count of user: 0. Stored into Database.
2022-03-31 14:29:48,502 - basicLogger - INFO - Populate total count of passwords: 5. Stored into Datebase.
2022-03-31 14:29:48,520 - basicLogger - INFO - Periodic Processing Ending...
2022-03-31 14:29:48,980 - basicLogger - INFO - Start Periodic Processing
2022-03-31 14:29:53,522 - basicLogger - INFO - Received 5 events with a status code of 200.
2022-03-31 14:29:53,522 - basicLogger - INFO - Received 0 events with a status code of 200.
2022-03-31 14:29:53,523 - basicLogger - INFO - Populate total count of user: 5. Stored into Database.
2022-03-31 14:29:53,523 - basicLogger - INFO - Populate total count of passwords: 0. Stored into Datebase.
2022-03-31 14:29:53,543 - basicLogger - INFO - Periodic Processing Ending...
2022-03-31 14:29:53,985 - basicLogger - INFO - Start Periodic Processing
2022-03-31 14:29:58,515 - basicLogger - INFO - Received 0 events with a status code of 200.
2022-03-31 14:29:58,515 - basicLogger - INFO - Received 5 events with a status code of 200.
2022-03-31 14:29:58,515 - basicLogger - INFO - Populate total count of user: 0. Stored into Database.
2022-03-31 14:29:58,515 - basicLogger - INFO - Populate total count of passwords: 5. Stored into Datebase.
2022-03-31 14:29:58,535 - basicLogger - INFO - Periodic Processing Ending...
2022-03-31 14:29:58,981 - basicLogger - INFO - Start Periodic Processing
2022-03-31 14:30:03,472 - basicLogger - INFO - Received 0 events with a status code of 200.
2022-03-31 14:30:03,472 - basicLogger - INFO - Received 0 events with a status code of 200.
2022-03-31 14:30:03,473 - basicLogger - INFO - Populate total count of user: 0. Stored into Database.
2022-03-31 14:30:03,473 - basicLogger - INFO - Populate total count of passwords: 0. Stored into Datebase.
2022-03-31 14:30:03,496 - basicLogger - INFO - Periodic Processing Ending...
2022-03-31 14:30:03,990 - basicLogger - INFO - Start Periodic Processing
2022-03-31 14:30:08,551 - basicLogger - INFO - Received 0 events with a status code of 200.
2022-03-31 14:30:08,553 - basicLogger - INFO - Received 0 events with a status code of 200.
2022-03-31 14:30:08,553 - basicLogger - INFO - Populate total count of user: 0. Stored into Database.
2022-03-31 14:30:08,553 - basicLogger - INFO - Populate total count of passwords: 0. Stored into Datebase.
2022-03-31 14:30:08,576 - basicLogger - INFO - Periodic Processing Ending...
2022-03-31 14:30:08,980 - basicLogger - INFO - Start Periodic Processing
2022-03-31 14:30:13,976 - basicLogger - INFO - Start Periodic Processing
2022-03-31 14:32:15,460 - basicLogger - INFO - Start Periodic Processing
2022-03-31 14:32:20,784 - basicLogger - INFO - Received 0 events with a status code of 200.
2022-03-31 14:32:20,785 - basicLogger - INFO - Received 0 events with a status code of 200.
2022-03-31 14:32:20,785 - basicLogger - INFO - Populate total count of user: 0. Stored into Database.
2022-03-31 14:32:20,785 - basicLogger - INFO - Populate total count of passwords: 0. Stored into Datebase.
2022-03-31 14:32:20,801 - basicLogger - INFO - Periodic Processing Ending...
2022-03-31 14:32:25,468 - basicLogger - INFO - Start Periodic Processing
2022-03-31 14:32:32,315 - basicLogger - ERROR - Received a status code of 500.
2022-03-31 14:32:32,315 - basicLogger - ERROR - Received a status code of 500.
2022-03-31 14:32:32,315 - basicLogger - INFO - Populate total count of user: 4. Stored into Database.
2022-03-31 14:32:32,315 - basicLogger - INFO - Populate total count of passwords: 4. Stored into Datebase.
2022-03-31 14:32:32,325 - basicLogger - INFO - Periodic Processing Ending...
2022-03-31 14:32:35,462 - basicLogger - INFO - Start Periodic Processing
2022-03-31 14:32:44,423 - basicLogger - ERROR - Received a status code of 500.
2022-03-31 14:32:44,423 - basicLogger - ERROR - Received a status code of 500.
2022-03-31 14:32:44,423 - basicLogger - INFO - Populate total count of user: 4. Stored into Database.
2022-03-31 14:32:44,423 - basicLogger - INFO - Populate total count of passwords: 4. Stored into Datebase.
2022-03-31 14:32:44,444 - basicLogger - INFO - Periodic Processing Ending...
2022-03-31 14:32:45,461 - basicLogger - INFO - Start Periodic Processing
2022-03-31 14:32:55,886 - basicLogger - ERROR - Received a status code of 500.
2022-03-31 14:32:55,886 - basicLogger - ERROR - Received a status code of 500.
2022-03-31 14:32:55,886 - basicLogger - INFO - Populate total count of user: 4. Stored into Database.
2022-03-31 14:32:55,886 - basicLogger - INFO - Populate total count of passwords: 4. Stored into Datebase.
2022-03-31 14:32:55,908 - basicLogger - INFO - Periodic Processing Ending...
2022-03-31 14:33:00,460 - basicLogger - INFO - Start Periodic Processing
2022-03-31 14:33:17,308 - basicLogger - ERROR - Received a status code of 500.
2022-03-31 14:33:17,308 - basicLogger - INFO - Received 0 events with a status code of 200.
2022-03-31 14:33:17,308 - basicLogger - INFO - Populate total count of user: 4. Stored into Database.
2022-03-31 14:33:17,308 - basicLogger - INFO - Populate total count of passwords: 0. Stored into Datebase.
2022-03-31 14:33:17,329 - basicLogger - INFO - Periodic Processing Ending...
2022-03-31 14:33:20,457 - basicLogger - INFO - Start Periodic Processing
2022-03-31 14:33:25,078 - basicLogger - INFO - Received 0 events with a status code of 200.
2022-03-31 14:33:25,079 - basicLogger - INFO - Received 0 events with a status code of 200.
2022-03-31 14:33:25,079 - basicLogger - INFO - Populate total count of user: 0. Stored into Database.
2022-03-31 14:33:25,080 - basicLogger - INFO - Populate total count of passwords: 0. Stored into Datebase.
2022-03-31 14:33:25,102 - basicLogger - INFO - Periodic Processing Ending...
2022-03-31 14:33:25,459 - basicLogger - INFO - Start Periodic Processing
2022-03-31 14:33:29,993 - basicLogger - INFO - Received 0 events with a status code of 200.
2022-03-31 14:33:29,994 - basicLogger - INFO - Received 0 events with a status code of 200.
2022-03-31 14:33:29,994 - basicLogger - INFO - Populate total count of user: 0. Stored into Database.
2022-03-31 14:33:29,994 - basicLogger - INFO - Populate total count of passwords: 0. Stored into Datebase.
2022-03-31 14:33:30,013 - basicLogger - INFO - Periodic Processing Ending...
2022-03-31 14:33:30,466 - basicLogger - INFO - Start Periodic Processing
2022-03-31 14:33:35,002 - basicLogger - INFO - Received 0 events with a status code of 200.
2022-03-31 14:33:35,002 - basicLogger - INFO - Received 0 events with a status code of 200.
2022-03-31 14:33:35,002 - basicLogger - INFO - Populate total count of user: 0. Stored into Database.
2022-03-31 14:33:35,003 - basicLogger - INFO - Populate total count of passwords: 0. Stored into Datebase.
2022-03-31 14:33:35,022 - basicLogger - INFO - Periodic Processing Ending...
2022-03-31 14:33:35,462 - basicLogger - INFO - Start Periodic Processing
2022-03-31 14:33:39,969 - basicLogger - INFO - Received 0 events with a status code of 200.
2022-03-31 14:33:39,969 - basicLogger - INFO - Received 0 events with a status code of 200.
2022-03-31 14:33:39,970 - basicLogger - INFO - Populate total count of user: 0. Stored into Database.
2022-03-31 14:33:39,970 - basicLogger - INFO - Populate total count of passwords: 0. Stored into Datebase.
2022-03-31 14:33:40,003 - basicLogger - INFO - Periodic Processing Ending...
2022-03-31 14:33:40,470 - basicLogger - INFO - Start Periodic Processing
2022-03-31 14:33:44,974 - basicLogger - INFO - Received 0 events with a status code of 200.
2022-03-31 14:33:44,974 - basicLogger - INFO - Received 0 events with a status code of 200.
2022-03-31 14:33:44,975 - basicLogger - INFO - Populate total count of user: 0. Stored into Database.
2022-03-31 14:33:44,975 - basicLogger - INFO - Populate total count of passwords: 0. Stored into Datebase.
2022-03-31 14:33:44,993 - basicLogger - INFO - Periodic Processing Ending...
2022-03-31 14:33:45,467 - basicLogger - INFO - Start Periodic Processing
2022-03-31 14:33:50,043 - basicLogger - INFO - Received 0 events with a status code of 200.
2022-03-31 14:33:50,043 - basicLogger - INFO - Received 0 events with a status code of 200.
2022-03-31 14:33:50,043 - basicLogger - INFO - Populate total count of user: 0. Stored into Database.
2022-03-31 14:33:50,043 - basicLogger - INFO - Populate total count of passwords: 0. Stored into Datebase.
2022-03-31 14:33:50,060 - basicLogger - INFO - Periodic Processing Ending...
2022-03-31 14:33:50,467 - basicLogger - INFO - Start Periodic Processing
2022-03-31 14:33:55,011 - basicLogger - INFO - Received 0 events with a status code of 200.
2022-03-31 14:33:55,011 - basicLogger - INFO - Received 0 events with a status code of 200.
2022-03-31 14:33:55,011 - basicLogger - INFO - Populate total count of user: 0. Stored into Database.
2022-03-31 14:33:55,012 - basicLogger - INFO - Populate total count of passwords: 0. Stored into Datebase.
2022-03-31 14:33:55,023 - basicLogger - INFO - Periodic Processing Ending...
2022-03-31 14:33:55,470 - basicLogger - INFO - Start Periodic Processing
2022-03-31 14:33:59,993 - basicLogger - INFO - Received 0 events with a status code of 200.
2022-03-31 14:33:59,994 - basicLogger - INFO - Received 0 events with a status code of 200.
2022-03-31 14:33:59,994 - basicLogger - INFO - Populate total count of user: 0. Stored into Database.
2022-03-31 14:33:59,995 - basicLogger - INFO - Populate total count of passwords: 0. Stored into Datebase.
2022-03-31 14:34:00,004 - basicLogger - INFO - Periodic Processing Ending...
2022-03-31 14:34:00,469 - basicLogger - INFO - Start Periodic Processing
2022-03-31 14:34:04,998 - basicLogger - INFO - Received 0 events with a status code of 200.
2022-03-31 14:34:04,998 - basicLogger - INFO - Received 0 events with a status code of 200.
2022-03-31 14:34:04,999 - basicLogger - INFO - Populate total count of user: 0. Stored into Database.
2022-03-31 14:34:04,999 - basicLogger - INFO - Populate total count of passwords: 0. Stored into Datebase.
2022-03-31 14:34:05,020 - basicLogger - INFO - Periodic Processing Ending...
2022-03-31 14:34:05,465 - basicLogger - INFO - Start Periodic Processing
2022-03-31 14:34:10,018 - basicLogger - INFO - Received 0 events with a status code of 200.
2022-03-31 14:34:10,018 - basicLogger - INFO - Received 0 events with a status code of 200.
2022-03-31 14:34:10,019 - basicLogger - INFO - Populate total count of user: 0. Stored into Database.
2022-03-31 14:34:10,019 - basicLogger - INFO - Populate total count of passwords: 0. Stored into Datebase.
2022-03-31 14:34:10,039 - basicLogger - INFO - Periodic Processing Ending...
2022-03-31 14:34:10,470 - basicLogger - INFO - Start Periodic Processing
2022-03-31 14:34:14,997 - basicLogger - INFO - Received 0 events with a status code of 200.
2022-03-31 14:34:14,997 - basicLogger - INFO - Received 0 events with a status code of 200.
2022-03-31 14:34:14,998 - basicLogger - INFO - Populate total count of user: 0. Stored into Database.
2022-03-31 14:34:14,998 - basicLogger - INFO - Populate total count of passwords: 0. Stored into Datebase.
2022-03-31 14:34:15,017 - basicLogger - INFO - Periodic Processing Ending...
2022-03-31 14:34:15,467 - basicLogger - INFO - Start Periodic Processing
2022-03-31 14:34:19,992 - basicLogger - INFO - Received 0 events with a status code of 200.
2022-03-31 14:34:19,992 - basicLogger - INFO - Received 0 events with a status code of 200.
2022-03-31 14:34:19,993 - basicLogger - INFO - Populate total count of user: 0. Stored into Database.
2022-03-31 14:34:19,993 - basicLogger - INFO - Populate total count of passwords: 0. Stored into Datebase.
2022-03-31 14:34:20,012 - basicLogger - INFO - Periodic Processing Ending...
2022-03-31 14:34:20,462 - basicLogger - INFO - Start Periodic Processing
2022-03-31 14:34:25,370 - basicLogger - INFO - Received 0 events with a status code of 200.
2022-03-31 14:34:25,370 - basicLogger - INFO - Received 0 events with a status code of 200.
2022-03-31 14:34:25,370 - basicLogger - INFO - Populate total count of user: 0. Stored into Database.
2022-03-31 14:34:25,370 - basicLogger - INFO - Populate total count of passwords: 0. Stored into Datebase.
2022-03-31 14:34:25,386 - basicLogger - INFO - Periodic Processing Ending...
2022-03-31 14:34:25,456 - basicLogger - INFO - Start Periodic Processing
2022-03-31 14:34:32,853 - basicLogger - INFO - Received 0 events with a status code of 200.
2022-03-31 14:34:32,853 - basicLogger - INFO - Received 0 events with a status code of 200.
2022-03-31 14:34:32,853 - basicLogger - INFO - Populate total count of user: 0. Stored into Database.
2022-03-31 14:34:32,853 - basicLogger - INFO - Populate total count of passwords: 0. Stored into Datebase.
2022-03-31 14:34:32,870 - basicLogger - INFO - Periodic Processing Ending...
2022-03-31 14:34:39,758 - basicLogger - INFO - Start Periodic Processing
2022-03-31 14:34:44,319 - basicLogger - INFO - Received 0 events with a status code of 200.
2022-03-31 14:34:44,319 - basicLogger - INFO - Received 0 events with a status code of 200.
2022-03-31 14:34:44,319 - basicLogger - INFO - Populate total count of user: 0. Stored into Database.
2022-03-31 14:34:44,319 - basicLogger - INFO - Populate total count of passwords: 0. Stored into Datebase.
2022-03-31 14:34:44,338 - basicLogger - INFO - Periodic Processing Ending...
2022-03-31 14:34:44,763 - basicLogger - INFO - Start Periodic Processing
2022-03-31 14:34:49,278 - basicLogger - INFO - Received 2 events with a status code of 200.
2022-03-31 14:34:49,278 - basicLogger - INFO - Received 5 events with a status code of 200.
2022-03-31 14:34:49,278 - basicLogger - INFO - Populate total count of user: 2. Stored into Database.
2022-03-31 14:34:49,278 - basicLogger - INFO - Populate total count of passwords: 5. Stored into Datebase.
2022-03-31 14:34:49,296 - basicLogger - INFO - Periodic Processing Ending...
2022-03-31 14:34:49,762 - basicLogger - INFO - Start Periodic Processing
2022-03-31 14:34:54,349 - basicLogger - INFO - Received 0 events with a status code of 200.
2022-03-31 14:34:54,349 - basicLogger - INFO - Received 0 events with a status code of 200.
2022-03-31 14:34:54,350 - basicLogger - INFO - Populate total count of user: 0. Stored into Database.
2022-03-31 14:34:54,350 - basicLogger - INFO - Populate total count of passwords: 0. Stored into Datebase.
2022-03-31 14:34:54,366 - basicLogger - INFO - Periodic Processing Ending...
2022-03-31 14:34:54,768 - basicLogger - INFO - Start Periodic Processing
2022-03-31 14:34:59,290 - basicLogger - INFO - Received 1 events with a status code of 200.
2022-03-31 14:34:59,290 - basicLogger - INFO - Received 4 events with a status code of 200.
2022-03-31 14:34:59,290 - basicLogger - INFO - Populate total count of user: 1. Stored into Database.
2022-03-31 14:34:59,290 - basicLogger - INFO - Populate total count of passwords: 4. Stored into Datebase.
2022-03-31 14:34:59,309 - basicLogger - INFO - Periodic Processing Ending...
2022-03-31 14:34:59,760 - basicLogger - INFO - Start Periodic Processing
2022-03-31 14:35:04,281 - basicLogger - INFO - Received 0 events with a status code of 200.
2022-03-31 14:35:04,281 - basicLogger - INFO - Received 1 events with a status code of 200.
2022-03-31 14:35:04,282 - basicLogger - INFO - Populate total count of user: 0. Stored into Database.
2022-03-31 14:35:04,283 - basicLogger - INFO - Populate total count of passwords: 1. Stored into Datebase.
2022-03-31 14:35:04,296 - basicLogger - INFO - Periodic Processing Ending...
2022-03-31 14:35:04,767 - basicLogger - INFO - Start Periodic Processing
2022-03-31 14:35:09,303 - basicLogger - INFO - Received 2 events with a status code of 200.
2022-03-31 14:35:09,304 - basicLogger - INFO - Received 3 events with a status code of 200.
2022-03-31 14:35:09,304 - basicLogger - INFO - Populate total count of user: 2. Stored into Database.
2022-03-31 14:35:09,304 - basicLogger - INFO - Populate total count of passwords: 3. Stored into Datebase.
2022-03-31 14:35:09,328 - basicLogger - INFO - Periodic Processing Ending...
2022-03-31 14:35:09,760 - basicLogger - INFO - Start Periodic Processing
2022-03-31 14:35:14,267 - basicLogger - INFO - Received 0 events with a status code of 200.
2022-03-31 14:35:14,268 - basicLogger - INFO - Received 3 events with a status code of 200.
2022-03-31 14:35:14,268 - basicLogger - INFO - Populate total count of user: 0. Stored into Database.
2022-03-31 14:35:14,268 - basicLogger - INFO - Populate total count of passwords: 3. Stored into Datebase.
2022-03-31 14:35:14,284 - basicLogger - INFO - Periodic Processing Ending...
2022-03-31 14:35:14,769 - basicLogger - INFO - Start Periodic Processing
2022-03-31 14:35:19,272 - basicLogger - INFO - Received 3 events with a status code of 200.
2022-03-31 14:35:19,272 - basicLogger - INFO - Received 1 events with a status code of 200.
2022-03-31 14:35:19,272 - basicLogger - INFO - Populate total count of user: 3. Stored into Database.
2022-03-31 14:35:19,272 - basicLogger - INFO - Populate total count of passwords: 1. Stored into Datebase.
2022-03-31 14:35:19,293 - basicLogger - INFO - Periodic Processing Ending...
2022-03-31 14:35:19,757 - basicLogger - INFO - Start Periodic Processing
2022-03-31 14:35:24,274 - basicLogger - INFO - Received 0 events with a status code of 200.
2022-03-31 14:35:24,274 - basicLogger - INFO - Received 4 events with a status code of 200.
2022-03-31 14:35:24,275 - basicLogger - INFO - Populate total count of user: 0. Stored into Database.
2022-03-31 14:35:24,275 - basicLogger - INFO - Populate total count of passwords: 4. Stored into Datebase.
2022-03-31 14:35:24,297 - basicLogger - INFO - Periodic Processing Ending...
2022-03-31 14:35:24,768 - basicLogger - INFO - Start Periodic Processing
2022-03-31 14:35:29,298 - basicLogger - INFO - Received 4 events with a status code of 200.
2022-03-31 14:35:29,298 - basicLogger - INFO - Received 0 events with a status code of 200.
2022-03-31 14:35:29,299 - basicLogger - INFO - Populate total count of user: 4. Stored into Database.
2022-03-31 14:35:29,299 - basicLogger - INFO - Populate total count of passwords: 0. Stored into Datebase.
2022-03-31 14:35:29,317 - basicLogger - INFO - Periodic Processing Ending...
2022-03-31 14:35:29,765 - basicLogger - INFO - Start Periodic Processing
2022-03-31 14:35:34,287 - basicLogger - INFO - Received 0 events with a status code of 200.
2022-03-31 14:35:34,288 - basicLogger - INFO - Received 5 events with a status code of 200.
2022-03-31 14:35:34,288 - basicLogger - INFO - Populate total count of user: 0. Stored into Database.
2022-03-31 14:35:34,289 - basicLogger - INFO - Populate total count of passwords: 5. Stored into Datebase.
2022-03-31 14:35:34,314 - basicLogger - INFO - Periodic Processing Ending...
2022-03-31 14:35:34,766 - basicLogger - INFO - Start Periodic Processing
2022-03-31 14:35:39,302 - basicLogger - INFO - Received 0 events with a status code of 200.
2022-03-31 14:35:39,302 - basicLogger - INFO - Received 0 events with a status code of 200.
2022-03-31 14:35:39,302 - basicLogger - INFO - Populate total count of user: 0. Stored into Database.
2022-03-31 14:35:39,303 - basicLogger - INFO - Populate total count of passwords: 0. Stored into Datebase.
2022-03-31 14:35:39,322 - basicLogger - INFO - Periodic Processing Ending...
2022-03-31 14:35:39,763 - basicLogger - INFO - Start Periodic Processing
2022-03-31 14:35:44,309 - basicLogger - INFO - Received 0 events with a status code of 200.
2022-03-31 14:35:44,309 - basicLogger - INFO - Received 0 events with a status code of 200.
2022-03-31 14:35:44,310 - basicLogger - INFO - Populate total count of user: 0. Stored into Database.
2022-03-31 14:35:44,310 - basicLogger - INFO - Populate total count of passwords: 0. Stored into Datebase.
2022-03-31 14:35:44,329 - basicLogger - INFO - Periodic Processing Ending...
2022-03-31 14:35:44,767 - basicLogger - INFO - Start Periodic Processing
2022-03-31 14:35:49,290 - basicLogger - INFO - Received 0 events with a status code of 200.
2022-03-31 14:35:49,291 - basicLogger - INFO - Received 0 events with a status code of 200.
2022-03-31 14:35:49,291 - basicLogger - INFO - Populate total count of user: 0. Stored into Database.
2022-03-31 14:35:49,293 - basicLogger - INFO - Populate total count of passwords: 0. Stored into Datebase.
2022-03-31 14:35:49,307 - basicLogger - INFO - Periodic Processing Ending...
2022-03-31 14:35:49,762 - basicLogger - INFO - Start Periodic Processing
2022-03-31 14:35:54,293 - basicLogger - INFO - Received 5 events with a status code of 200.
2022-03-31 14:35:54,293 - basicLogger - INFO - Received 0 events with a status code of 200.
2022-03-31 14:35:54,294 - basicLogger - INFO - Populate total count of user: 5. Stored into Database.
2022-03-31 14:35:54,294 - basicLogger - INFO - Populate total count of passwords: 0. Stored into Datebase.
2022-03-31 14:35:54,312 - basicLogger - INFO - Periodic Processing Ending...
2022-03-31 14:35:54,772 - basicLogger - INFO - Start Periodic Processing
2022-03-31 14:35:59,297 - basicLogger - INFO - Received 0 events with a status code of 200.
2022-03-31 14:35:59,298 - basicLogger - INFO - Received 5 events with a status code of 200.
2022-03-31 14:35:59,298 - basicLogger - INFO - Populate total count of user: 0. Stored into Database.
2022-03-31 14:35:59,298 - basicLogger - INFO - Populate total count of passwords: 5. Stored into Datebase.
2022-03-31 14:35:59,310 - basicLogger - INFO - Periodic Processing Ending...
2022-03-31 14:35:59,767 - basicLogger - INFO - Start Periodic Processing
2022-03-31 14:36:04,283 - basicLogger - INFO - Received 4 events with a status code of 200.
2022-03-31 14:36:04,284 - basicLogger - INFO - Received 0 events with a status code of 200.
2022-03-31 14:36:04,284 - basicLogger - INFO - Populate total count of user: 4. Stored into Database.
2022-03-31 14:36:04,285 - basicLogger - INFO - Populate total count of passwords: 0. Stored into Datebase.
2022-03-31 14:36:04,293 - basicLogger - INFO - Periodic Processing Ending...
2022-03-31 14:36:04,758 - basicLogger - INFO - Start Periodic Processing
2022-03-31 14:36:09,278 - basicLogger - INFO - Received 0 events with a status code of 200.
2022-03-31 14:36:09,279 - basicLogger - INFO - Received 5 events with a status code of 200.
2022-03-31 14:36:09,279 - basicLogger - INFO - Populate total count of user: 0. Stored into Database.
2022-03-31 14:36:09,279 - basicLogger - INFO - Populate total count of passwords: 5. Stored into Datebase.
2022-03-31 14:36:09,298 - basicLogger - INFO - Periodic Processing Ending...
2022-03-31 14:36:09,756 - basicLogger - INFO - Start Periodic Processing
2022-03-31 14:36:14,242 - basicLogger - INFO - Received 3 events with a status code of 200.
2022-03-31 14:36:14,242 - basicLogger - INFO - Received 0 events with a status code of 200.
2022-03-31 14:36:14,242 - basicLogger - INFO - Populate total count of user: 3. Stored into Database.
2022-03-31 14:36:14,243 - basicLogger - INFO - Populate total count of passwords: 0. Stored into Datebase.
2022-03-31 14:36:14,261 - basicLogger - INFO - Periodic Processing Ending...
2022-03-31 14:36:14,757 - basicLogger - INFO - Start Periodic Processing
2022-03-31 14:36:19,264 - basicLogger - INFO - Received 0 events with a status code of 200.
2022-03-31 14:36:19,265 - basicLogger - INFO - Received 5 events with a status code of 200.
2022-03-31 14:36:19,265 - basicLogger - INFO - Populate total count of user: 0. Stored into Database.
2022-03-31 14:36:19,266 - basicLogger - INFO - Populate total count of passwords: 5. Stored into Datebase.
2022-03-31 14:36:19,281 - basicLogger - INFO - Periodic Processing Ending...
2022-03-31 14:36:19,763 - basicLogger - INFO - Start Periodic Processing
2022-03-31 14:36:24,305 - basicLogger - INFO - Received 2 events with a status code of 200.
2022-03-31 14:36:24,305 - basicLogger - INFO - Received 0 events with a status code of 200.
2022-03-31 14:36:24,305 - basicLogger - INFO - Populate total count of user: 2. Stored into Database.
2022-03-31 14:36:24,305 - basicLogger - INFO - Populate total count of passwords: 0. Stored into Datebase.
2022-03-31 14:36:24,325 - basicLogger - INFO - Periodic Processing Ending...
2022-03-31 14:36:24,757 - basicLogger - INFO - Start Periodic Processing
2022-03-31 14:36:29,261 - basicLogger - INFO - Received 0 events with a status code of 200.
2022-03-31 14:36:29,261 - basicLogger - INFO - Received 5 events with a status code of 200.
2022-03-31 14:36:29,261 - basicLogger - INFO - Populate total count of user: 0. Stored into Database.
2022-03-31 14:36:29,261 - basicLogger - INFO - Populate total count of passwords: 5. Stored into Datebase.
2022-03-31 14:36:29,281 - basicLogger - INFO - Periodic Processing Ending...
2022-03-31 14:36:29,763 - basicLogger - INFO - Start Periodic Processing
2022-03-31 14:36:34,315 - basicLogger - INFO - Received 1 events with a status code of 200.
2022-03-31 14:36:34,315 - basicLogger - INFO - Received 0 events with a status code of 200.
2022-03-31 14:36:34,315 - basicLogger - INFO - Populate total count of user: 1. Stored into Database.
2022-03-31 14:36:34,316 - basicLogger - INFO - Populate total count of passwords: 0. Stored into Datebase.
2022-03-31 14:36:34,324 - basicLogger - INFO - Periodic Processing Ending...
2022-03-31 14:36:34,763 - basicLogger - INFO - Start Periodic Processing
2022-03-31 14:36:39,280 - basicLogger - INFO - Received 0 events with a status code of 200.
2022-03-31 14:36:39,280 - basicLogger - INFO - Received 5 events with a status code of 200.
2022-03-31 14:36:39,280 - basicLogger - INFO - Populate total count of user: 0. Stored into Database.
2022-03-31 14:36:39,280 - basicLogger - INFO - Populate total count of passwords: 5. Stored into Datebase.
2022-03-31 14:36:39,296 - basicLogger - INFO - Periodic Processing Ending...
2022-03-31 14:36:39,761 - basicLogger - INFO - Start Periodic Processing
2022-03-31 14:36:44,293 - basicLogger - INFO - Received 0 events with a status code of 200.
2022-03-31 14:36:44,293 - basicLogger - INFO - Received 0 events with a status code of 200.
2022-03-31 14:36:44,295 - basicLogger - INFO - Populate total count of user: 0. Stored into Database.
2022-03-31 14:36:44,295 - basicLogger - INFO - Populate total count of passwords: 0. Stored into Datebase.
2022-03-31 14:36:44,304 - basicLogger - INFO - Periodic Processing Ending...
2022-03-31 14:36:44,763 - basicLogger - INFO - Start Periodic Processing
2022-03-31 14:36:49,305 - basicLogger - INFO - Received 0 events with a status code of 200.
2022-03-31 14:36:49,306 - basicLogger - INFO - Received 0 events with a status code of 200.
2022-03-31 14:36:49,306 - basicLogger - INFO - Populate total count of user: 0. Stored into Database.
2022-03-31 14:36:49,307 - basicLogger - INFO - Populate total count of passwords: 0. Stored into Datebase.
2022-03-31 14:36:49,316 - basicLogger - INFO - Periodic Processing Ending...
2022-03-31 14:36:49,773 - basicLogger - INFO - Start Periodic Processing
2022-03-31 14:36:54,290 - basicLogger - INFO - Received 0 events with a status code of 200.
2022-03-31 14:36:54,290 - basicLogger - INFO - Received 0 events with a status code of 200.
2022-03-31 14:36:54,291 - basicLogger - INFO - Populate total count of user: 0. Stored into Database.
2022-03-31 14:36:54,291 - basicLogger - INFO - Populate total count of passwords: 0. Stored into Datebase.
2022-03-31 14:36:54,311 - basicLogger - INFO - Periodic Processing Ending...
2022-03-31 14:36:54,763 - basicLogger - INFO - Start Periodic Processing
2022-03-31 14:36:59,269 - basicLogger - INFO - Received 0 events with a status code of 200.
2022-03-31 14:36:59,269 - basicLogger - INFO - Received 0 events with a status code of 200.
2022-03-31 14:36:59,269 - basicLogger - INFO - Populate total count of user: 0. Stored into Database.
2022-03-31 14:36:59,270 - basicLogger - INFO - Populate total count of passwords: 0. Stored into Datebase.
2022-03-31 14:36:59,287 - basicLogger - INFO - Periodic Processing Ending...
2022-03-31 14:36:59,769 - basicLogger - INFO - Start Periodic Processing
2022-03-31 14:37:04,323 - basicLogger - INFO - Received 0 events with a status code of 200.
2022-03-31 14:37:04,323 - basicLogger - INFO - Received 0 events with a status code of 200.
2022-03-31 14:37:04,323 - basicLogger - INFO - Populate total count of user: 0. Stored into Database.
2022-03-31 14:37:04,324 - basicLogger - INFO - Populate total count of passwords: 0. Stored into Datebase.
2022-03-31 14:37:04,338 - basicLogger - INFO - Periodic Processing Ending...
2022-03-31 14:37:04,771 - basicLogger - INFO - Start Periodic Processing
2022-03-31 14:37:09,320 - basicLogger - INFO - Received 0 events with a status code of 200.
2022-03-31 14:37:09,320 - basicLogger - INFO - Received 0 events with a status code of 200.
2022-03-31 14:37:09,320 - basicLogger - INFO - Populate total count of user: 0. Stored into Database.
2022-03-31 14:37:09,321 - basicLogger - INFO - Populate total count of passwords: 0. Stored into Datebase.
2022-03-31 14:37:09,340 - basicLogger - INFO - Periodic Processing Ending...
2022-03-31 14:37:09,756 - basicLogger - INFO - Start Periodic Processing
2022-03-31 14:37:14,267 - basicLogger - INFO - Received 0 events with a status code of 200.
2022-03-31 14:37:14,267 - basicLogger - INFO - Received 0 events with a status code of 200.
2022-03-31 14:37:14,267 - basicLogger - INFO - Populate total count of user: 0. Stored into Database.
2022-03-31 14:37:14,267 - basicLogger - INFO - Populate total count of passwords: 0. Stored into Datebase.
2022-03-31 14:37:14,286 - basicLogger - INFO - Periodic Processing Ending...
2022-03-31 14:37:14,758 - basicLogger - INFO - Start Periodic Processing
2022-03-31 14:37:19,274 - basicLogger - INFO - Received 0 events with a status code of 200.
2022-03-31 14:37:19,275 - basicLogger - INFO - Received 0 events with a status code of 200.
2022-03-31 14:37:19,275 - basicLogger - INFO - Populate total count of user: 0. Stored into Database.
2022-03-31 14:37:19,276 - basicLogger - INFO - Populate total count of passwords: 0. Stored into Datebase.
2022-03-31 14:37:19,287 - basicLogger - INFO - Periodic Processing Ending...
2022-03-31 14:37:19,760 - basicLogger - INFO - Start Periodic Processing
2022-03-31 14:37:24,293 - basicLogger - INFO - Received 0 events with a status code of 200.
2022-03-31 14:37:24,293 - basicLogger - INFO - Received 0 events with a status code of 200.
2022-03-31 14:37:24,294 - basicLogger - INFO - Populate total count of user: 0. Stored into Database.
2022-03-31 14:37:24,294 - basicLogger - INFO - Populate total count of passwords: 0. Stored into Datebase.
2022-03-31 14:37:24,304 - basicLogger - INFO - Periodic Processing Ending...
2022-03-31 14:37:24,762 - basicLogger - INFO - Start Periodic Processing
2022-03-31 14:37:29,299 - basicLogger - INFO - Received 0 events with a status code of 200.
2022-03-31 14:37:29,299 - basicLogger - INFO - Received 0 events with a status code of 200.
2022-03-31 14:37:29,300 - basicLogger - INFO - Populate total count of user: 0. Stored into Database.
2022-03-31 14:37:29,300 - basicLogger - INFO - Populate total count of passwords: 0. Stored into Datebase.
2022-03-31 14:37:29,320 - basicLogger - INFO - Periodic Processing Ending...
2022-03-31 14:37:29,770 - basicLogger - INFO - Start Periodic Processing
2022-03-31 14:37:34,326 - basicLogger - INFO - Received 0 events with a status code of 200.
2022-03-31 14:37:34,326 - basicLogger - INFO - Received 0 events with a status code of 200.
2022-03-31 14:37:34,327 - basicLogger - INFO - Populate total count of user: 0. Stored into Database.
2022-03-31 14:37:34,327 - basicLogger - INFO - Populate total count of passwords: 0. Stored into Datebase.
2022-03-31 14:37:34,337 - basicLogger - INFO - Periodic Processing Ending...
2022-03-31 14:37:34,766 - basicLogger - INFO - Start Periodic Processing
2022-03-31 14:37:39,310 - basicLogger - INFO - Received 0 events with a status code of 200.
2022-03-31 14:37:39,311 - basicLogger - INFO - Received 0 events with a status code of 200.
2022-03-31 14:37:39,311 - basicLogger - INFO - Populate total count of user: 0. Stored into Database.
2022-03-31 14:37:39,312 - basicLogger - INFO - Populate total count of passwords: 0. Stored into Datebase.
2022-03-31 14:37:39,332 - basicLogger - INFO - Periodic Processing Ending...
2022-03-31 14:37:39,763 - basicLogger - INFO - Start Periodic Processing
2022-03-31 14:37:44,312 - basicLogger - INFO - Received 0 events with a status code of 200.
2022-03-31 14:37:44,313 - basicLogger - INFO - Received 0 events with a status code of 200.
2022-03-31 14:37:44,313 - basicLogger - INFO - Populate total count of user: 0. Stored into Database.
2022-03-31 14:37:44,313 - basicLogger - INFO - Populate total count of passwords: 0. Stored into Datebase.
2022-03-31 14:37:44,334 - basicLogger - INFO - Periodic Processing Ending...
2022-03-31 14:37:44,766 - basicLogger - INFO - Start Periodic Processing
2022-03-31 14:37:49,320 - basicLogger - INFO - Received 0 events with a status code of 200.
2022-03-31 14:37:49,320 - basicLogger - INFO - Received 0 events with a status code of 200.
2022-03-31 14:37:49,321 - basicLogger - INFO - Populate total count of user: 0. Stored into Database.
2022-03-31 14:37:49,321 - basicLogger - INFO - Populate total count of passwords: 0. Stored into Datebase.
2022-03-31 14:37:49,338 - basicLogger - INFO - Periodic Processing Ending...
2022-03-31 14:37:49,770 - basicLogger - INFO - Start Periodic Processing
2022-03-31 14:37:54,294 - basicLogger - INFO - Received 0 events with a status code of 200.
2022-03-31 14:37:54,294 - basicLogger - INFO - Received 0 events with a status code of 200.
2022-03-31 14:37:54,294 - basicLogger - INFO - Populate total count of user: 0. Stored into Database.
2022-03-31 14:37:54,294 - basicLogger - INFO - Populate total count of passwords: 0. Stored into Datebase.
2022-03-31 14:37:54,310 - basicLogger - INFO - Periodic Processing Ending...
2022-03-31 14:37:54,766 - basicLogger - INFO - Start Periodic Processing
2022-03-31 14:37:59,280 - basicLogger - INFO - Received 0 events with a status code of 200.
2022-03-31 14:37:59,280 - basicLogger - INFO - Received 0 events with a status code of 200.
2022-03-31 14:37:59,282 - basicLogger - INFO - Populate total count of user: 0. Stored into Database.
2022-03-31 14:37:59,282 - basicLogger - INFO - Populate total count of passwords: 0. Stored into Datebase.
2022-03-31 14:37:59,302 - basicLogger - INFO - Periodic Processing Ending...
2022-03-31 14:37:59,759 - basicLogger - INFO - Start Periodic Processing
2022-03-31 14:38:04,337 - basicLogger - INFO - Received 0 events with a status code of 200.
2022-03-31 14:38:04,338 - basicLogger - INFO - Received 0 events with a status code of 200.
2022-03-31 14:38:04,338 - basicLogger - INFO - Populate total count of user: 0. Stored into Database.
2022-03-31 14:38:04,339 - basicLogger - INFO - Populate total count of passwords: 0. Stored into Datebase.
2022-03-31 14:38:04,360 - basicLogger - INFO - Periodic Processing Ending...
2022-03-31 14:38:04,757 - basicLogger - INFO - Start Periodic Processing
2022-03-31 14:38:09,316 - basicLogger - INFO - Received 0 events with a status code of 200.
2022-03-31 14:38:09,316 - basicLogger - INFO - Received 0 events with a status code of 200.
2022-03-31 14:38:09,317 - basicLogger - INFO - Populate total count of user: 0. Stored into Database.
2022-03-31 14:38:09,317 - basicLogger - INFO - Populate total count of passwords: 0. Stored into Datebase.
2022-03-31 14:38:09,337 - basicLogger - INFO - Periodic Processing Ending...
2022-03-31 14:38:09,762 - basicLogger - INFO - Start Periodic Processing
2022-03-31 14:38:14,281 - basicLogger - INFO - Received 0 events with a status code of 200.
2022-03-31 14:38:14,281 - basicLogger - INFO - Received 0 events with a status code of 200.
2022-03-31 14:38:14,281 - basicLogger - INFO - Populate total count of user: 0. Stored into Database.
2022-03-31 14:38:14,283 - basicLogger - INFO - Populate total count of passwords: 0. Stored into Datebase.
2022-03-31 14:38:14,303 - basicLogger - INFO - Periodic Processing Ending...
2022-03-31 14:38:14,769 - basicLogger - INFO - Start Periodic Processing
2022-03-31 14:38:19,272 - basicLogger - INFO - Received 0 events with a status code of 200.
2022-03-31 14:38:19,272 - basicLogger - INFO - Received 0 events with a status code of 200.
2022-03-31 14:38:19,272 - basicLogger - INFO - Populate total count of user: 0. Stored into Database.
2022-03-31 14:38:19,273 - basicLogger - INFO - Populate total count of passwords: 0. Stored into Datebase.
2022-03-31 14:38:19,283 - basicLogger - INFO - Periodic Processing Ending...
2022-03-31 14:38:19,766 - basicLogger - INFO - Start Periodic Processing
2022-03-31 14:38:24,317 - basicLogger - INFO - Received 0 events with a status code of 200.
2022-03-31 14:38:24,318 - basicLogger - INFO - Received 0 events with a status code of 200.
2022-03-31 14:38:24,318 - basicLogger - INFO - Populate total count of user: 0. Stored into Database.
2022-03-31 14:38:24,318 - basicLogger - INFO - Populate total count of passwords: 0. Stored into Datebase.
2022-03-31 14:38:24,337 - basicLogger - INFO - Periodic Processing Ending...
2022-03-31 14:38:24,770 - basicLogger - INFO - Start Periodic Processing
2022-03-31 14:38:29,283 - basicLogger - INFO - Received 0 events with a status code of 200.
2022-03-31 14:38:29,283 - basicLogger - INFO - Received 0 events with a status code of 200.
2022-03-31 14:38:29,283 - basicLogger - INFO - Populate total count of user: 0. Stored into Database.
2022-03-31 14:38:29,283 - basicLogger - INFO - Populate total count of passwords: 0. Stored into Datebase.
2022-03-31 14:38:29,304 - basicLogger - INFO - Periodic Processing Ending...
2022-03-31 14:38:29,764 - basicLogger - INFO - Start Periodic Processing
2022-03-31 14:38:34,309 - basicLogger - INFO - Received 0 events with a status code of 200.
2022-03-31 14:38:34,310 - basicLogger - INFO - Received 0 events with a status code of 200.
2022-03-31 14:38:34,310 - basicLogger - INFO - Populate total count of user: 0. Stored into Database.
2022-03-31 14:38:34,310 - basicLogger - INFO - Populate total count of passwords: 0. Stored into Datebase.
2022-03-31 14:38:34,328 - basicLogger - INFO - Periodic Processing Ending...
2022-03-31 14:38:34,761 - basicLogger - INFO - Start Periodic Processing
2022-03-31 14:38:39,303 - basicLogger - INFO - Received 0 events with a status code of 200.
2022-03-31 14:38:39,304 - basicLogger - INFO - Received 0 events with a status code of 200.
2022-03-31 14:38:39,304 - basicLogger - INFO - Populate total count of user: 0. Stored into Database.
2022-03-31 14:38:39,304 - basicLogger - INFO - Populate total count of passwords: 0. Stored into Datebase.
2022-03-31 14:38:39,324 - basicLogger - INFO - Periodic Processing Ending...
2022-03-31 14:38:39,760 - basicLogger - INFO - Start Periodic Processing
2022-03-31 14:38:44,303 - basicLogger - INFO - Received 0 events with a status code of 200.
2022-03-31 14:38:44,303 - basicLogger - INFO - Received 0 events with a status code of 200.
2022-03-31 14:38:44,304 - basicLogger - INFO - Populate total count of user: 0. Stored into Database.
2022-03-31 14:38:44,304 - basicLogger - INFO - Populate total count of passwords: 0. Stored into Datebase.
2022-03-31 14:38:44,323 - basicLogger - INFO - Periodic Processing Ending...
2022-03-31 14:38:44,758 - basicLogger - INFO - Start Periodic Processing
2022-03-31 14:38:49,274 - basicLogger - INFO - Received 0 events with a status code of 200.
2022-03-31 14:38:49,274 - basicLogger - INFO - Received 0 events with a status code of 200.
2022-03-31 14:38:49,274 - basicLogger - INFO - Populate total count of user: 0. Stored into Database.
2022-03-31 14:38:49,275 - basicLogger - INFO - Populate total count of passwords: 0. Stored into Datebase.
2022-03-31 14:38:49,286 - basicLogger - INFO - Periodic Processing Ending...
2022-03-31 14:38:49,760 - basicLogger - INFO - Start Periodic Processing
2022-03-31 14:38:54,267 - basicLogger - INFO - Received 0 events with a status code of 200.
2022-03-31 14:38:54,268 - basicLogger - INFO - Received 0 events with a status code of 200.
2022-03-31 14:38:54,268 - basicLogger - INFO - Populate total count of user: 0. Stored into Database.
2022-03-31 14:38:54,268 - basicLogger - INFO - Populate total count of passwords: 0. Stored into Datebase.
2022-03-31 14:38:54,290 - basicLogger - INFO - Periodic Processing Ending...
2022-03-31 14:38:54,767 - basicLogger - INFO - Start Periodic Processing
2022-03-31 14:52:02,029 - basicLogger - INFO - Start Periodic Processing
2022-03-31 14:52:07,318 - basicLogger - INFO - Received 0 events with a status code of 200.
2022-03-31 14:52:07,318 - basicLogger - INFO - Received 0 events with a status code of 200.
2022-03-31 14:52:07,318 - basicLogger - INFO - Populate total count of user: 0. Stored into Database.
2022-03-31 14:52:07,318 - basicLogger - INFO - Populate total count of passwords: 0. Stored into Datebase.
2022-03-31 14:52:07,339 - basicLogger - INFO - Periodic Processing Ending...
2022-03-31 14:52:12,014 - basicLogger - INFO - Start Periodic Processing
2022-03-31 14:52:16,537 - basicLogger - INFO - Received 5 events with a status code of 200.
2022-03-31 14:52:16,538 - basicLogger - INFO - Received 4 events with a status code of 200.
2022-03-31 14:52:16,538 - basicLogger - INFO - Populate total count of user: 5. Stored into Database.
2022-03-31 14:52:16,538 - basicLogger - INFO - Populate total count of passwords: 4. Stored into Datebase.
2022-03-31 14:52:16,557 - basicLogger - INFO - Periodic Processing Ending...
2022-03-31 14:52:17,031 - basicLogger - INFO - Start Periodic Processing
2022-03-31 14:52:21,546 - basicLogger - INFO - Received 0 events with a status code of 200.
2022-03-31 14:52:21,546 - basicLogger - INFO - Received 2 events with a status code of 200.
2022-03-31 14:52:21,546 - basicLogger - INFO - Populate total count of user: 0. Stored into Database.
2022-03-31 14:52:21,547 - basicLogger - INFO - Populate total count of passwords: 2. Stored into Datebase.
2022-03-31 14:52:21,566 - basicLogger - INFO - Periodic Processing Ending...
2022-03-31 14:52:22,019 - basicLogger - INFO - Start Periodic Processing
2022-03-31 14:52:26,533 - basicLogger - INFO - Received 2 events with a status code of 200.
2022-03-31 14:52:26,533 - basicLogger - INFO - Received 3 events with a status code of 200.
2022-03-31 14:52:26,533 - basicLogger - INFO - Populate total count of user: 2. Stored into Database.
2022-03-31 14:52:26,533 - basicLogger - INFO - Populate total count of passwords: 3. Stored into Datebase.
2022-03-31 14:52:26,550 - basicLogger - INFO - Periodic Processing Ending...
2022-03-31 14:52:27,029 - basicLogger - INFO - Start Periodic Processing
2022-03-31 14:52:31,552 - basicLogger - INFO - Received 0 events with a status code of 200.
2022-03-31 14:52:31,552 - basicLogger - INFO - Received 3 events with a status code of 200.
2022-03-31 14:52:31,552 - basicLogger - INFO - Populate total count of user: 0. Stored into Database.
2022-03-31 14:52:31,552 - basicLogger - INFO - Populate total count of passwords: 3. Stored into Datebase.
2022-03-31 14:52:31,569 - basicLogger - INFO - Periodic Processing Ending...
2022-03-31 14:52:32,025 - basicLogger - INFO - Start Periodic Processing
2022-03-31 14:52:36,552 - basicLogger - INFO - Received 3 events with a status code of 200.
2022-03-31 14:52:36,553 - basicLogger - INFO - Received 2 events with a status code of 200.
2022-03-31 14:52:36,554 - basicLogger - INFO - Populate total count of user: 3. Stored into Database.
2022-03-31 14:52:36,554 - basicLogger - INFO - Populate total count of passwords: 2. Stored into Datebase.
2022-03-31 14:52:36,579 - basicLogger - INFO - Periodic Processing Ending...
2022-03-31 14:52:37,019 - basicLogger - INFO - Start Periodic Processing
2022-03-31 14:52:41,535 - basicLogger - INFO - Received 0 events with a status code of 200.
2022-03-31 14:52:41,535 - basicLogger - INFO - Received 4 events with a status code of 200.
2022-03-31 14:52:41,536 - basicLogger - INFO - Populate total count of user: 0. Stored into Database.
2022-03-31 14:52:41,536 - basicLogger - INFO - Populate total count of passwords: 4. Stored into Datebase.
2022-03-31 14:52:41,555 - basicLogger - INFO - Periodic Processing Ending...
2022-03-31 14:52:42,017 - basicLogger - INFO - Start Periodic Processing
2022-03-31 14:52:46,557 - basicLogger - INFO - Received 5 events with a status code of 200.
2022-03-31 14:52:46,557 - basicLogger - INFO - Received 1 events with a status code of 200.
2022-03-31 14:52:46,558 - basicLogger - INFO - Populate total count of user: 5. Stored into Database.
2022-03-31 14:52:46,558 - basicLogger - INFO - Populate total count of passwords: 1. Stored into Datebase.
2022-03-31 14:52:46,577 - basicLogger - INFO - Periodic Processing Ending...
2022-03-31 14:52:47,021 - basicLogger - INFO - Start Periodic Processing
2022-03-31 14:52:51,525 - basicLogger - INFO - Received 0 events with a status code of 200.
2022-03-31 14:52:51,525 - basicLogger - INFO - Received 5 events with a status code of 200.
2022-03-31 14:52:51,525 - basicLogger - INFO - Populate total count of user: 0. Stored into Database.
2022-03-31 14:52:51,525 - basicLogger - INFO - Populate total count of passwords: 5. Stored into Datebase.
2022-03-31 14:52:51,543 - basicLogger - INFO - Periodic Processing Ending...
2022-03-31 14:52:52,016 - basicLogger - INFO - Start Periodic Processing
2022-03-31 14:52:56,511 - basicLogger - INFO - Received 5 events with a status code of 200.
2022-03-31 14:52:56,511 - basicLogger - INFO - Received 0 events with a status code of 200.
2022-03-31 14:52:56,511 - basicLogger - INFO - Populate total count of user: 5. Stored into Database.
2022-03-31 14:52:56,511 - basicLogger - INFO - Populate total count of passwords: 0. Stored into Datebase.
2022-03-31 14:52:56,528 - basicLogger - INFO - Periodic Processing Ending...
2022-03-31 14:52:57,023 - basicLogger - INFO - Start Periodic Processing
2022-03-31 14:53:01,552 - basicLogger - INFO - Received 0 events with a status code of 200.
2022-03-31 14:53:01,552 - basicLogger - INFO - Received 5 events with a status code of 200.
2022-03-31 14:53:01,553 - basicLogger - INFO - Populate total count of user: 0. Stored into Database.
2022-03-31 14:53:01,553 - basicLogger - INFO - Populate total count of passwords: 5. Stored into Datebase.
2022-03-31 14:53:01,571 - basicLogger - INFO - Periodic Processing Ending...
2022-03-31 14:53:02,024 - basicLogger - INFO - Start Periodic Processing
2022-03-31 14:53:06,548 - basicLogger - INFO - Received 0 events with a status code of 200.
2022-03-31 14:53:06,548 - basicLogger - INFO - Received 0 events with a status code of 200.
2022-03-31 14:53:06,549 - basicLogger - INFO - Populate total count of user: 0. Stored into Database.
2022-03-31 14:53:06,549 - basicLogger - INFO - Populate total count of passwords: 0. Stored into Datebase.
2022-03-31 14:53:06,568 - basicLogger - INFO - Periodic Processing Ending...
2022-03-31 14:53:07,027 - basicLogger - INFO - Start Periodic Processing
2022-03-31 14:53:11,543 - basicLogger - INFO - Received 0 events with a status code of 200.
2022-03-31 14:53:11,543 - basicLogger - INFO - Received 0 events with a status code of 200.
2022-03-31 14:53:11,543 - basicLogger - INFO - Populate total count of user: 0. Stored into Database.
2022-03-31 14:53:11,543 - basicLogger - INFO - Populate total count of passwords: 0. Stored into Datebase.
2022-03-31 14:53:11,552 - basicLogger - INFO - Periodic Processing Ending...
2022-03-31 14:53:12,017 - basicLogger - INFO - Start Periodic Processing
2022-03-31 14:53:22,019 - basicLogger - INFO - Start Periodic Processing
2022-03-31 14:53:27,020 - basicLogger - INFO - Start Periodic Processing
2022-03-31 14:53:32,020 - basicLogger - INFO - Start Periodic Processing
2022-03-31 14:53:37,017 - basicLogger - INFO - Start Periodic Processing
2022-03-31 14:53:42,016 - basicLogger - INFO - Start Periodic Processing
